<?xml version="1.0" encoding="UTF-8"?>
<testng-results ignored="3" total="4" passed="1" failed="0" skipped="0">
  <reporter-output>
  </reporter-output>
  <suite started-at="2025-11-19T21:12:59 IST" name="Default suite" finished-at="2025-11-19T21:13:04 IST" duration-ms="4322">
    <groups>
    </groups>
    <test started-at="2025-11-19T21:12:59 IST" name="Default test" finished-at="2025-11-19T21:13:04 IST" duration-ms="4322">
      <class name="testscripts.LoginTest">
        <test-method is-config="true" signature="initializeBrowser()[pri:0, instance:testscripts.LoginTest@76505305]" started-at="2025-11-19T21:12:59 IST" name="initializeBrowser" finished-at="2025-11-19T21:13:03 IST" duration-ms="3621" status="PASS">
          <reporter-output>
          </reporter-output>
        </test-method> <!-- initializeBrowser -->
        <test-method signature="verifyWhetherUserIsAbleToLoginWithInValidUserNameandInValidPassword()[pri:0, instance:testscripts.LoginTest@76505305]" started-at="2025-11-19T21:13:03 IST" name="verifyWhetherUserIsAbleToLoginWithInValidUserNameandInValidPassword" finished-at="2025-11-19T21:13:03 IST" duration-ms="500" status="PASS">
          <reporter-output>
          </reporter-output>
        </test-method> <!-- verifyWhetherUserIsAbleToLoginWithInValidUserNameandInValidPassword -->
        <test-method is-config="true" signature="browserCloseAndQuit()[pri:0, instance:testscripts.LoginTest@76505305]" started-at="2025-11-19T21:13:03 IST" name="browserCloseAndQuit" finished-at="2025-11-19T21:13:04 IST" duration-ms="159" status="PASS">
          <reporter-output>
          </reporter-output>
        </test-method> <!-- browserCloseAndQuit -->
      </class> <!-- testscripts.LoginTest -->
    </test> <!-- Default test -->
  </suite> <!-- Default suite -->
</testng-results>
