<?xml version="1.0" encoding="UTF-8"?>
<!-- Generated by org.testng.reporters.JUnitXMLReporter -->
<testsuite ignored="3" hostname="LAPTOP-UCLTDI57" failures="0" tests="1" name="Default test" time="4.322" errors="0" timestamp="2025-11-19T21:13:04 IST">
  <testcase classname="testscripts.LoginTest" name="verifyWhetherUserIsAbleToLoginWithInValidUserNameandInValidPassword" time="0.5"/>
  <testcase classname="testscripts.LoginTest" name="verifyWhetherUserIsAbleToLoginWithValidUserNameandInvalidPassword" time="0.0">
    <ignored/>
  </testcase> <!-- verifyWhetherUserIsAbleToLoginWithValidUserNameandInvalidPassword -->
  <testcase classname="testscripts.LoginTest" name="verifyWhetherUserIsAbleToLoginWithInValidUserNameandValidPassword" time="0.0">
    <ignored/>
  </testcase> <!-- verifyWhetherUserIsAbleToLoginWithInValidUserNameandValidPassword -->
  <testcase classname="testscripts.LoginTest" name="verifyWhetherUserIsAbelToLoginWithValidCredentials" time="0.0">
    <ignored/>
  </testcase> <!-- verifyWhetherUserIsAbelToLoginWithValidCredentials -->
</testsuite> <!-- Default test -->
